__________________________________
| Hostname: satellite Kernel: Linux 4.18.0-18-generic x86_64 Date: Tue  7 May 21:15:59 BST 2019
__________________________________
__________________________________
| LSB
__________________________________
__________________________________
| PCI Devices
__________________________________
__________________________________
| Routing Table
__________________________________
__________________________________
| Hostname: satellite Kernel: Linux 4.18.0-18-generic x86_64 Date: Tue  7 May 21:16:57 BST 2019
__________________________________
__________________________________
| LSB
__________________________________
__________________________________
| PCI Devices
__________________________________
__________________________________
| Routing Table
__________________________________
