__________________________________
| Hostname: satellite Kernel: Linux 4.18.0-18-generic x86_64 Date: Tue  7 May 21:19:29 BST 2019
__________________________________
__________________________________
| LSB
__________________________________
Distributor ID:	Ubuntu
Description:	Ubuntu 18.04.2 LTS
Release:	18.04
Codename:	bionic
__________________________________
| PCI Devices
__________________________________
00:00.0 Host bridge: Intel Corporation Broadwell-U Host Bridge -OPI (rev 09)
	Subsystem: Toshiba America Info Systems Broadwell-U Host Bridge -OPI
	Flags: bus master, fast devsel, latency 0
	Capabilities: [e0] Vendor Specific Information: Len=0c <?>
	Kernel driver in use: bdw_uncore

00:02.0 VGA compatible controller: Intel Corporation HD Graphics 5500 (rev 09) (prog-if 00 [VGA controller])
	Subsystem: Toshiba America Info Systems HD Graphics 5500
	Flags: bus master, fast devsel, latency 0, IRQ 52
	Memory at b2000000 (64-bit, non-prefetchable) [size=16M]
	Memory at c0000000 (64-bit, prefetchable) [size=256M]
	I/O ports at 5000 [size=64]
	[virtual] Expansion ROM at 000c0000 [disabled] [size=128K]
	Capabilities: [90] MSI: Enable+ Count=1/1 Maskable- 64bit-
	Capabilities: [d0] Power Management version 2
	Capabilities: [a4] PCI Advanced Features
	Kernel driver in use: i915
	Kernel modules: i915

00:03.0 Audio device: Intel Corporation Broadwell-U Audio Controller (rev 09)
	Subsystem: Toshiba America Info Systems Broadwell-U Audio Controller
	Flags: bus master, fast devsel, latency 0, IRQ 56
	Memory at b4410000 (64-bit, non-prefetchable) [size=16K]
	Capabilities: [50] Power Management version 2
	Capabilities: [60] MSI: Enable+ Count=1/1 Maskable- 64bit-
	Capabilities: [70] Express Root Complex Integrated Endpoint, MSI 00
	Kernel driver in use: snd_hda_intel
	Kernel modules: snd_hda_intel

00:14.0 USB controller: Intel Corporation Wildcat Point-LP USB xHCI Controller (rev 03) (prog-if 30 [XHCI])
	Subsystem: Toshiba America Info Systems Wildcat Point-LP USB xHCI Controller
	Flags: bus master, medium devsel, latency 0, IRQ 47
	Memory at b4400000 (64-bit, non-prefetchable) [size=64K]
	Capabilities: [70] Power Management version 2
	Capabilities: [80] MSI: Enable+ Count=1/8 Maskable- 64bit+
	Kernel driver in use: xhci_hcd

00:16.0 Communication controller: Intel Corporation Wildcat Point-LP MEI Controller #1 (rev 03)
	Subsystem: Toshiba America Info Systems Wildcat Point-LP MEI Controller
	Flags: bus master, fast devsel, latency 0, IRQ 53
	Memory at b441b000 (64-bit, non-prefetchable) [size=32]
	Capabilities: [50] Power Management version 3
	Capabilities: [8c] MSI: Enable+ Count=1/1 Maskable- 64bit+
	Kernel driver in use: mei_me
	Kernel modules: mei_me

00:1b.0 Audio device: Intel Corporation Wildcat Point-LP High Definition Audio Controller (rev 03)
	Subsystem: Toshiba America Info Systems Wildcat Point-LP High Definition Audio Controller
	Flags: bus master, fast devsel, latency 64, IRQ 55
	Memory at b4414000 (64-bit, non-prefetchable) [size=16K]
	Capabilities: [50] Power Management version 3
	Capabilities: [60] MSI: Enable+ Count=1/1 Maskable- 64bit+
	Kernel driver in use: snd_hda_intel
	Kernel modules: snd_hda_intel

00:1c.0 PCI bridge: Intel Corporation Wildcat Point-LP PCI Express Root Port #1 (rev e3) (prog-if 00 [Normal decode])
	Flags: bus master, fast devsel, latency 0, IRQ 42
	Bus: primary=00, secondary=01, subordinate=01, sec-latency=0
	I/O behind bridge: 00002000-00002fff
	Memory behind bridge: 90100000-902fffff
	Prefetchable memory behind bridge: 0000000090300000-00000000904fffff
	Capabilities: [40] Express Root Port (Slot+), MSI 00
	Capabilities: [80] MSI: Enable+ Count=1/1 Maskable- 64bit-
	Capabilities: [90] Subsystem: Toshiba America Info Systems Wildcat Point-LP PCI Express Root Port
	Capabilities: [a0] Power Management version 3
	Kernel driver in use: pcieport

00:1c.2 PCI bridge: Intel Corporation Wildcat Point-LP PCI Express Root Port #3 (rev e3) (prog-if 00 [Normal decode])
	Flags: bus master, fast devsel, latency 0, IRQ 43
	Bus: primary=00, secondary=02, subordinate=02, sec-latency=0
	Memory behind bridge: b4300000-b43fffff
	Capabilities: [40] Express Root Port (Slot+), MSI 00
	Capabilities: [80] MSI: Enable+ Count=1/1 Maskable- 64bit-
	Capabilities: [90] Subsystem: Toshiba America Info Systems Wildcat Point-LP PCI Express Root Port
	Capabilities: [a0] Power Management version 3
	Capabilities: [100] #00
	Capabilities: [200] L1 PM Substates
	Kernel driver in use: pcieport

00:1c.3 PCI bridge: Intel Corporation Wildcat Point-LP PCI Express Root Port #4 (rev e3) (prog-if 00 [Normal decode])
	Flags: bus master, fast devsel, latency 0, IRQ 44
	Bus: primary=00, secondary=03, subordinate=03, sec-latency=0
	I/O behind bridge: 00004000-00004fff
	Memory behind bridge: b4200000-b42fffff
	Prefetchable memory behind bridge: 00000000b4000000-00000000b40fffff
	Capabilities: [40] Express Root Port (Slot+), MSI 00
	Capabilities: [80] MSI: Enable+ Count=1/1 Maskable- 64bit-
	Capabilities: [90] Subsystem: Toshiba America Info Systems Wildcat Point-LP PCI Express Root Port
	Capabilities: [a0] Power Management version 3
	Capabilities: [100] #00
	Capabilities: [200] L1 PM Substates
	Kernel driver in use: pcieport

00:1c.4 PCI bridge: Intel Corporation Wildcat Point-LP PCI Express Root Port #5 (rev e3) (prog-if 00 [Normal decode])
	Flags: bus master, fast devsel, latency 0, IRQ 45
	Bus: primary=00, secondary=04, subordinate=04, sec-latency=0
	I/O behind bridge: 00003000-00003fff
	Memory behind bridge: b3000000-b3ffffff
	Prefetchable memory behind bridge: 00000000a0000000-00000000b1ffffff
	Capabilities: [40] Express Root Port (Slot+), MSI 00
	Capabilities: [80] MSI: Enable+ Count=1/1 Maskable- 64bit-
	Capabilities: [90] Subsystem: Toshiba America Info Systems Wildcat Point-LP PCI Express Root Port
	Capabilities: [a0] Power Management version 3
	Capabilities: [100] #00
	Capabilities: [200] L1 PM Substates
	Kernel driver in use: pcieport

00:1c.5 PCI bridge: Intel Corporation Wildcat Point-LP PCI Express Root Port #6 (rev e3) (prog-if 00 [Normal decode])
	Flags: bus master, fast devsel, latency 0, IRQ 46
	Bus: primary=00, secondary=05, subordinate=05, sec-latency=0
	Memory behind bridge: b4100000-b41fffff
	Capabilities: [40] Express Root Port (Slot+), MSI 00
	Capabilities: [80] MSI: Enable+ Count=1/1 Maskable- 64bit-
	Capabilities: [90] Subsystem: Toshiba America Info Systems Wildcat Point-LP PCI Express Root Port
	Capabilities: [a0] Power Management version 3
	Capabilities: [100] #00
	Capabilities: [200] L1 PM Substates
	Kernel driver in use: pcieport

00:1d.0 USB controller: Intel Corporation Wildcat Point-LP USB EHCI Controller (rev 03) (prog-if 20 [EHCI])
	Subsystem: Toshiba America Info Systems Wildcat Point-LP USB EHCI Controller
	Flags: bus master, medium devsel, latency 0, IRQ 23
	Memory at b4419000 (32-bit, non-prefetchable) [size=1K]
	Capabilities: [50] Power Management version 3
	Capabilities: [58] Debug port: BAR=1 offset=00a0
	Capabilities: [98] PCI Advanced Features
	Kernel driver in use: ehci-pci

00:1f.0 ISA bridge: Intel Corporation Wildcat Point-LP LPC Controller (rev 03)
	Subsystem: Toshiba America Info Systems Wildcat Point-LP LPC Controller
	Flags: bus master, medium devsel, latency 0
	Capabilities: [e0] Vendor Specific Information: Len=0c <?>
	Kernel driver in use: lpc_ich
	Kernel modules: lpc_ich

00:1f.2 SATA controller: Intel Corporation Wildcat Point-LP SATA Controller [AHCI Mode] (rev 03) (prog-if 01 [AHCI 1.0])
	Subsystem: Toshiba America Info Systems Wildcat Point-LP SATA Controller [AHCI Mode]
	Flags: bus master, 66MHz, medium devsel, latency 0, IRQ 49
	I/O ports at 5088 [size=8]
	I/O ports at 5094 [size=4]
	I/O ports at 5080 [size=8]
	I/O ports at 5090 [size=4]
	I/O ports at 5060 [size=32]
	Memory at b4418000 (32-bit, non-prefetchable) [size=2K]
	Capabilities: [80] MSI: Enable+ Count=1/1 Maskable- 64bit-
	Capabilities: [70] Power Management version 3
	Capabilities: [a8] SATA HBA v1.0
	Kernel driver in use: ahci
	Kernel modules: ahci

00:1f.3 SMBus: Intel Corporation Wildcat Point-LP SMBus Controller (rev 03)
	Subsystem: Toshiba America Info Systems Wildcat Point-LP SMBus Controller
	Flags: medium devsel, IRQ 255
	Memory at b441a000 (64-bit, non-prefetchable) [size=256]
	I/O ports at 5040 [size=32]
	Kernel modules: i2c_i801

02:00.0 Network controller: Intel Corporation Wireless 3160 (rev cb)
	Subsystem: Intel Corporation Dual Band Wireless AC 3160
	Flags: bus master, fast devsel, latency 0, IRQ 54
	Memory at b4300000 (64-bit, non-prefetchable) [size=8K]
	Capabilities: [c8] Power Management version 3
	Capabilities: [d0] MSI: Enable+ Count=1/1 Maskable- 64bit+
	Capabilities: [40] Express Endpoint, MSI 00
	Capabilities: [100] Advanced Error Reporting
	Capabilities: [140] Device Serial Number e4-f8-9c-ff-ff-ba-98-c0
	Capabilities: [14c] Latency Tolerance Reporting
	Capabilities: [154] Vendor Specific Information: ID=cafe Rev=1 Len=014 <?>
	Kernel driver in use: iwlwifi
	Kernel modules: iwlwifi

03:00.0 Ethernet controller: Realtek Semiconductor Co., Ltd. RTL8111/8168/8411 PCI Express Gigabit Ethernet Controller (rev 0c)
	Subsystem: Toshiba America Info Systems RTL8111/8168/8411 PCI Express Gigabit Ethernet Controller
	Flags: bus master, fast devsel, latency 0, IRQ 19
	I/O ports at 4000 [size=256]
	Memory at b4200000 (64-bit, non-prefetchable) [size=4K]
	Memory at b4000000 (64-bit, prefetchable) [size=16K]
	Capabilities: [40] Power Management version 3
	Capabilities: [50] MSI: Enable- Count=1/1 Maskable- 64bit+
	Capabilities: [70] Express Endpoint, MSI 01
	Capabilities: [b0] MSI-X: Enable+ Count=4 Masked-
	Capabilities: [d0] Vital Product Data
	Capabilities: [100] Advanced Error Reporting
	Capabilities: [140] Virtual Channel
	Capabilities: [160] Device Serial Number 01-00-00-00-68-4c-e0-00
	Capabilities: [170] Latency Tolerance Reporting
	Kernel driver in use: r8169
	Kernel modules: r8169

04:00.0 3D controller: NVIDIA Corporation GM108M [GeForce 930M] (rev a2)
	Flags: bus master, fast devsel, latency 0, IRQ 51
	Memory at b3000000 (32-bit, non-prefetchable) [size=16M]
	Memory at a0000000 (64-bit, prefetchable) [size=256M]
	Memory at b0000000 (64-bit, prefetchable) [size=32M]
	I/O ports at 3000 [size=128]
	Expansion ROM at <ignored> [disabled]
	Capabilities: [60] Power Management version 3
	Capabilities: [68] MSI: Enable+ Count=1/1 Maskable- 64bit+
	Capabilities: [78] Express Endpoint, MSI 00
	Capabilities: [100] Virtual Channel
	Capabilities: [250] Latency Tolerance Reporting
	Capabilities: [258] L1 PM Substates
	Capabilities: [128] Power Budgeting <?>
	Capabilities: [600] Vendor Specific Information: ID=0001 Rev=1 Len=024 <?>
	Capabilities: [900] #19
	Kernel driver in use: nouveau
	Kernel modules: nvidiafb, nouveau

05:00.0 Unassigned class [ff00]: Realtek Semiconductor Co., Ltd. RTS5229 PCI Express Card Reader (rev 01)
	Subsystem: Toshiba America Info Systems RTS5229 PCI Express Card Reader
	Flags: bus master, fast devsel, latency 0, IRQ 48
	Memory at b4100000 (32-bit, non-prefetchable) [size=4K]
	Capabilities: [40] Power Management version 3
	Capabilities: [50] MSI: Enable+ Count=1/1 Maskable- 64bit+
	Capabilities: [70] Express Endpoint, MSI 00
	Capabilities: [100] Advanced Error Reporting
	Capabilities: [140] Device Serial Number 00-00-00-01-00-4c-e0-00
	Kernel driver in use: rtsx_pci
	Kernel modules: rtsx_pci

__________________________________
| Routing Table
__________________________________
